-------------------------------------------------------------------------------
Test set: com.studentapp.studentinfo.CreateStudentDataDrivenTest
-------------------------------------------------------------------------------
Tests run: 1, Failures: 0, Errors: 1, Skipped: 0, Time elapsed: 0.003 sec <<< FAILURE! - in com.studentapp.studentinfo.CreateStudentDataDrivenTest
createMultiplestudents(com.studentapp.studentinfo.CreateStudentDataDrivenTest)  Time elapsed: 0.003 sec  <<< ERROR!
java.lang.NullPointerException: null
	at com.studentapp.studentinfo.CreateStudentDataDrivenTest.createMultiplestudents(CreateStudentDataDrivenTest.java:74)

