<?xml version="1.0" encoding="UTF-8"?><testsuite errors="0" failures="0" name="com.studentapp.studentinfo.StudentCURDTest" skipped="0" tests="4" time="2.04" timestamp="2019-06-159 02:41:32"><testcase classname="com.studentapp.studentinfo.StudentCURDTest" name="This test will create a new student"/><testcase classname="com.studentapp.studentinfo.StudentCURDTest" name="Verify if the student was added to the application"/><testcase classname="com.studentapp.studentinfo.StudentCURDTest" name="Update the user information and verify the updated information"/><testcase classname="com.studentapp.studentinfo.StudentCURDTest" name="Delete the student and verify if the student is deleted!"/></testsuite>