<?xml version="1.0" encoding="UTF-8"?><testsuite errors="1" failures="1" name="com.studentapp.studentinfo.FirstSerenityTest" skipped="4" tests="8" time="10.77" timestamp="2019-06-152 05:08:38"><testcase classname="com.studentapp.studentinfo.FirstSerenityTest" name="This is a skipped test"><skipped/></testcase><testcase classname="com.studentapp.studentinfo.FirstSerenityTest" name="This is atest with error"><error message="/ by zero" type="java.lang.ArithmeticException">/ by zero</error><system-err>/ by zero&#13;
com.studentapp.studentinfo.FirstSerenityTest.thisIsAtestWithError(FirstSerenityTest.java:60)&#13;
</system-err></testcase><testcase classname="com.studentapp.studentinfo.FirstSerenityTest" name="This test will get the information of all the students from the Student App"/><testcase classname="com.studentapp.studentinfo.FirstSerenityTest" name="This is a pending test"><skipped/></testcase><testcase classname="com.studentapp.studentinfo.FirstSerenityTest" name="This is a manual test"><skipped/></testcase><testcase classname="com.studentapp.studentinfo.FirstSerenityTest" name="This isa failing"><failure message="1 expectation failed.&#10;Expected status code &lt;500&gt; but was &lt;200&gt;.&#10;" type="java.lang.AssertionError">1 expectation failed.
Expected status code &lt;500&gt; but was &lt;200&gt;.
</failure><system-err>1 expectation failed.
Expected status code &lt;500&gt; but was &lt;200&gt;.
&#13;
io.restassured.internal.ResponseSpecificationImpl.validateResponseIfRequired(ResponseSpecificationImpl.groovy:636)&#13;
io.restassured.internal.ResponseSpecificationImpl.statusCode(ResponseSpecificationImpl.groovy:122)&#13;
io.restassured.internal.ResponseSpecificationImpl.statusCode(ResponseSpecificationImpl.groovy:130)&#13;
io.restassured.internal.ValidatableResponseOptionsImpl.statusCode(ValidatableResponseOptionsImpl.java:117)&#13;
com.studentapp.studentinfo.FirstSerenityTest.thisIsaFailing(FirstSerenityTest.java:42)&#13;
</system-err></testcase><testcase classname="com.studentapp.studentinfo.FirstSerenityTest" name="File does not exist"><compromised message="E:\file.txt (The system cannot find the file specified)" type="java.io.FileNotFoundException">E:\file.txt (The system cannot find the file specified)</compromised><system-err>E:\file.txt (The system cannot find the file specified)&#13;
com.studentapp.studentinfo.FirstSerenityTest.fileDoesNotExist(FirstSerenityTest.java:67)&#13;
</system-err></testcase><testcase classname="com.studentapp.studentinfo.FirstSerenityTest" name="Get all students"/></testsuite>